Flutter crash report.
Please report a bug at https://github.com/flutter/flutter/issues.

## command

flutter run

## exception

ProcessPackageException: ProcessException: Failed to find "C:\flutter\flutter\bin\cache\dart-sdk\bin\dartaotruntime.exe" in the search path.
  Command: C:\flutter\flutter\bin\cache\dart-sdk\bin\dartaotruntime.exe 

```
#0      LocalProcessManager.start (package:process/src/interface/local_process_manager.dart:56:7)
#1      ErrorHandlingProcessManager.start.<anonymous closure> (package:flutter_tools/src/base/error_handling_io.dart:652:26)
#2      _run (package:flutter_tools/src/base/error_handling_io.dart:512:20)
#3      ErrorHandlingProcessManager.start (package:flutter_tools/src/base/error_handling_io.dart:650:12)
#4      DefaultResidentCompiler._compile (package:flutter_tools/src/compile.dart:871:37)
#5      DefaultResidentCompiler._recompile (package:flutter_tools/src/compile.dart:749:14)
#6      _RecompileRequest._run (package:flutter_tools/src/compile.dart:424:84)
#7      _CompilationRequest.run (package:flutter_tools/src/compile.dart:399:30)
#8      DefaultResidentCompiler._handleCompilationRequest (package:flutter_tools/src/compile.dart:796:23)
#9      _rootRunUnary (dart:async/zone.dart:1538:47)
#10     _CustomZone.runUnary (dart:async/zone.dart:1429:19)
#11     _CustomZone.runUnaryGuarded (dart:async/zone.dart:1329:7)
#12     _BufferingStreamSubscription._sendData (dart:async/stream_impl.dart:381:11)
#13     _DelayedData.perform (dart:async/stream_impl.dart:573:14)
#14     _PendingEvents.handleNext (dart:async/stream_impl.dart:678:11)
#15     _PendingEvents.schedule.<anonymous closure> (dart:async/stream_impl.dart:649:7)
#16     _rootRun (dart:async/zone.dart:1517:47)
#17     _CustomZone.run (dart:async/zone.dart:1422:19)
#18     _CustomZone.runGuarded (dart:async/zone.dart:1321:7)
#19     _CustomZone.bindCallbackGuarded.<anonymous closure> (dart:async/zone.dart:1362:23)
#20     _rootRun (dart:async/zone.dart:1525:13)
#21     _CustomZone.run (dart:async/zone.dart:1422:19)
#22     _CustomZone.runGuarded (dart:async/zone.dart:1321:7)
#23     _CustomZone.bindCallbackGuarded.<anonymous closure> (dart:async/zone.dart:1362:23)
#24     _microtaskLoop (dart:async/schedule_microtask.dart:40:21)
#25     _startMicrotaskLoop (dart:async/schedule_microtask.dart:49:5)
#26     _runPendingImmediateCallback (dart:isolate-patch/isolate_patch.dart:128:13)
#27     _RawReceivePort._handleMessage (dart:isolate-patch/isolate_patch.dart:195:5)
```

## flutter doctor

```
[32m[✓][39m Flutter (Channel stable, 3.29.0, on Microsoft Windows [version 10.0.22621.4317], locale
    fr-FR) [2,0s]
    [32m•[39m Flutter version 3.29.0 on channel stable at C:\flutter\flutter
    [32m•[39m Upstream repository https://github.com/flutter/flutter.git
    [32m•[39m Framework revision 35c388afb5 (7 days ago), 2025-02-10 12:48:41 -0800
    [32m•[39m Engine revision f73bfc4522
    [32m•[39m Dart version 3.7.0
    [32m•[39m DevTools version 2.42.2

[32m[✓][39m Windows Version (11 Professionnel 64-bit, 22H2, 2009) [2,8s]

[31m[✗][39m Android toolchain - develop for Android devices [63ms]
    [31m✗[39m Unable to locate Android SDK.
      Install Android Studio from: https://developer.android.com/studio/index.html
      On first launch it will assist you in installing the Android SDK components.
      (or visit https://flutter.dev/to/windows-android-setup for detailed instructions).
      If the Android SDK has been installed to a custom location, please use
      `flutter config --android-sdk` to update to that location.


[32m[✓][39m Chrome - develop for the web [23ms]
    [32m•[39m Chrome at C:\Program Files\Google\Chrome\Application\chrome.exe

[31m[✗][39m Visual Studio - develop Windows apps [20ms]
    [31m✗[39m Visual Studio not installed; this is necessary to develop Windows apps.
      Download at https://visualstudio.microsoft.com/downloads/.
      Please install the "Desktop development with C++" workload, including all of its default
      components

[33m[!][39m Android Studio (not installed) [14ms]
    [32m•[39m Android Studio not found; download from https://developer.android.com/studio/index.html
      (or visit https://flutter.dev/to/windows-android-setup for detailed instructions).

[32m[✓][39m VS Code (version 1.97.2) [13ms]
    [32m•[39m VS Code at C:\Users\evina\AppData\Local\Programs\Microsoft VS Code
    [32m•[39m Flutter extension version 3.104.0

[32m[✓][39m Connected device (3 available) [56ms]
    [32m•[39m Windows (desktop) • windows • windows-x64    • Microsoft Windows [version 10.0.22621.4317]
    [32m•[39m Chrome (web)      • chrome  • web-javascript • Google Chrome 131.0.6778.265
    [32m•[39m Edge (web)        • edge    • web-javascript • Microsoft Edge 132.0.2957.140

[32m[✓][39m Network resources [995ms]
    [32m•[39m All expected network resources are available.

[33m![39m Doctor found issues in 3 categories.
```
